<?xml version="1.0" encoding="UTF-8"?>
<!-- Generated by org.testng.reporters.JUnitReportReporter -->
<testsuite hostname="DESKTOP-U5B8GV1" failures="0" tests="1" name="tests.RestGetAndPost" time="3.593" errors="0" timestamp="2024-09-14T17:49:32 IST" skipped="0">
  <testcase classname="tests.RestGetAndPost" name="restPost" time="3.593"/>
</testsuite> <!-- tests.RestGetAndPost -->
