<?xml version="1.0" encoding="UTF-8"?>
<!-- Generated by org.testng.reporters.JUnitReportReporter -->
<testsuite hostname="DESKTOP-U5B8GV1" failures="0" tests="1" name="tests.TestExamples" time="4.790" errors="0" timestamp="2024-09-14T10:37:07 IST" skipped="0">
  <testcase classname="tests.TestExamples" name="test_1" time="4.790"/>
</testsuite> <!-- tests.TestExamples -->
